<?xml version="1.0" encoding="UTF-8"?>
<!-- Generated by org.testng.reporters.JUnitReportReporter -->
<testsuite skipped="0" hostname="DEV_DEL_DEEPAK" name="com.ParameterTestng.ParameterWithTestNGXML" tests="1" failures="0" timestamp="04 Feb 2020 17:30:52 GMT" time="3.216" errors="0">
  <testcase name="testParameterWithXML" time="3.216" classname="com.ParameterTestng.ParameterWithTestNGXML"/>
</testsuite> <!-- com.ParameterTestng.ParameterWithTestNGXML -->
