<?xml version="1.0" encoding="UTF-8"?>
<!-- Generated by org.testng.reporters.JUnitReportReporter -->
<testsuite skipped="0" hostname="DEV_DEL_DEEPAK" name="com.Dataprovider.ParameterByITestContextInDataprovider" tests="3" failures="0" timestamp="04 Feb 2020 12:57:24 GMT" time="9.507" errors="0">
  <testcase name="testMethodA" time="3.120" classname="com.Dataprovider.ParameterByITestContextInDataprovider"/>
  <testcase name="testMethodA" time="3.235" classname="com.Dataprovider.ParameterByITestContextInDataprovider"/>
  <testcase name="testMethodA" time="3.152" classname="com.Dataprovider.ParameterByITestContextInDataprovider"/>
</testsuite> <!-- com.Dataprovider.ParameterByITestContextInDataprovider -->
