<?xml version="1.0" encoding="UTF-8"?>
<!-- Generated by org.testng.reporters.JUnitReportReporter -->
<testsuite skipped="0" hostname="DEV_DEL_DEEPAK" name="com.DataproviderITestContext.ParameterByMethodInDataprovider" tests="6" failures="0" timestamp="04 Feb 2020 15:12:41 GMT" time="19.614" errors="0">
  <testcase name="testMethodB" time="3.251" classname="com.DataproviderITestContext.ParameterByMethodInDataprovider"/>
  <testcase name="testMethodB" time="3.257" classname="com.DataproviderITestContext.ParameterByMethodInDataprovider"/>
  <testcase name="testMethodA" time="3.352" classname="com.DataproviderITestContext.ParameterByMethodInDataprovider"/>
  <testcase name="testMethodA" time="3.292" classname="com.DataproviderITestContext.ParameterByMethodInDataprovider"/>
  <testcase name="testMethodB" time="3.229" classname="com.DataproviderITestContext.ParameterByMethodInDataprovider"/>
  <testcase name="testMethodA" time="3.233" classname="com.DataproviderITestContext.ParameterByMethodInDataprovider"/>
</testsuite> <!-- com.DataproviderITestContext.ParameterByMethodInDataprovider -->
