<?xml version="1.0" encoding="UTF-8"?>
<!-- Generated by org.testng.reporters.JUnitReportReporter -->
<testsuite skipped="4" hostname="DEV_DEL_DEEPAK" name="NRDATestScript.Leave.MyLeavesNRDATestScript" tests="4" failures="0" timestamp="21 Jul 2017 05:30:28 GMT" time="0.001" errors="0">
  <testcase name="clickOnDiscussLink" time="0.001" classname="NRDATestScript.Leave.MyLeavesNRDATestScript">
    <skipped/>
  </testcase> <!-- clickOnDiscussLink -->
  <testcase name="clickOnLeaveModuleTest" time="0.000" classname="NRDATestScript.Leave.MyLeavesNRDATestScript">
    <skipped/>
  </testcase> <!-- clickOnLeaveModuleTest -->
  <testcase name="clickOnAllocationRequest" time="0.000" classname="NRDATestScript.Leave.MyLeavesNRDATestScript">
    <skipped/>
  </testcase> <!-- clickOnAllocationRequest -->
  <testcase name="clickOnLeaveSummary" time="0.000" classname="NRDATestScript.Leave.MyLeavesNRDATestScript">
    <skipped/>
  </testcase> <!-- clickOnLeaveSummary -->
</testsuite> <!-- NRDATestScript.Leave.MyLeavesNRDATestScript -->
