<?xml version="1.0" encoding="UTF-8"?>
<!-- Generated by org.testng.reporters.JUnitReportReporter -->
<testsuite skipped="1" hostname="DEV_DEL_DEEPAK" name="NRDATestScript.Employee.LoginAsHODToApproveAppraisal" tests="1" failures="0" timestamp="21 Jul 2017 05:30:28 GMT" time="0.000" errors="0">
  <testcase name="loginAsHODToApprove" time="0.000" classname="NRDATestScript.Employee.LoginAsHODToApproveAppraisal">
    <skipped/>
  </testcase> <!-- loginAsHODToApprove -->
</testsuite> <!-- NRDATestScript.Employee.LoginAsHODToApproveAppraisal -->
