<?xml version="1.0" encoding="UTF-8"?>
<!-- Generated by org.testng.reporters.JUnitReportReporter -->
<testsuite hostname="DEV_DEL_DEEPAK" name="testFiles.Annotations" tests="2" failures="0" timestamp="3 Oct 2018 15:14:03 GMT" time="0.009" errors="0">
  <testcase name="openBrowser" time="0.004" classname="testFiles.Annotations"/>
  <testcase name="flightBooking" time="0.005" classname="testFiles.Annotations"/>
</testsuite> <!-- testFiles.Annotations -->
