<?xml version="1.0" encoding="UTF-8"?>
<!-- Generated by org.testng.reporters.JUnitReportReporter -->
<testsuite hostname="DEV_DEL_DEEPAK" name="testFiles.Annot2" tests="1" failures="0" timestamp="3 Oct 2018 15:22:30 GMT" time="0.004" errors="0">
  <testcase name="software" time="0.004" classname="testFiles.Annot2"/>
</testsuite> <!-- testFiles.Annot2 -->
