<?xml version="1.0" encoding="UTF-8"?>
<!-- Generated by org.testng.reporters.JUnitReportReporter -->
<testsuite skipped="0" hostname="DEV_DEL_DEEPAK" name="HRMS_ERP_UAT_VRS_TEST.LoginAsEmployee" tests="1" failures="0" timestamp="01 Nov 2018 06:10:59 GMT" time="19.754" errors="0">
  <testcase name="UAT_HRMS_VRS_6" time="19.754" classname="HRMS_ERP_UAT_VRS_TEST.LoginAsEmployee"/>
</testsuite> <!-- HRMS_ERP_UAT_VRS_TEST.LoginAsEmployee -->
