<?xml version="1.0" encoding="UTF-8"?>
<!-- Generated by org.testng.reporters.JUnitReportReporter -->
<testsuite hostname="DEV_DEL_DEEPAK" name="NRDATestScript.WaterAndSeweage.WaterAndSewerageConnectionTest" tests="1" failures="0" timestamp="14 Aug 2017 04:41:46 GMT" time="38.473" errors="0">
  <testcase name="clickOnWaterAndSewerageConnectionLink" time="38.473" classname="NRDATestScript.WaterAndSeweage.WaterAndSewerageConnectionTest"/>
</testsuite> <!-- NRDATestScript.WaterAndSeweage.WaterAndSewerageConnectionTest -->
