<?xml version="1.0" encoding="UTF-8"?>
<!-- Generated by org.testng.reporters.JUnitReportReporter -->
<testsuite skipped="0" hostname="DEV_QA_SARVESH" name="LoginLogoutNRDATestScript.Login_ApplicationBy_Employee" tests="1" failures="0" timestamp="31 Jul 2017 06:25:01 GMT" time="5.797" errors="0">
  <testcase name="clickOnOpenBrowser" time="5.797" classname="LoginLogoutNRDATestScript.Login_ApplicationBy_Employee"/>
</testsuite> <!-- LoginLogoutNRDATestScript.Login_ApplicationBy_Employee -->
