<?xml version="1.0" encoding="UTF-8"?>
<!-- Generated by org.testng.reporters.JUnitReportReporter -->
<testsuite hostname="DEV_DEL_DEEPAK" name="LoginLogoutPageWaterAndSeweageNRDATestScript.LogoutPageWaterAndseweageTestScript" tests="1" failures="0" timestamp="9 Aug 2017 05:36:58 GMT" time="35.502" errors="0">
  <testcase name="test" time="35.502" classname="LoginLogoutPageWaterAndSeweageNRDATestScript.LogoutPageWaterAndseweageTestScript"/>
</testsuite> <!-- LoginLogoutPageWaterAndSeweageNRDATestScript.LogoutPageWaterAndseweageTestScript -->
