<?xml version="1.0" encoding="UTF-8"?>
<!-- Generated by org.testng.reporters.JUnitReportReporter -->
<testsuite skipped="0" hostname="DEV_QA_SARVESH" name="Appraisal.Employee_Appraisal" tests="2" failures="0" timestamp="01 Aug 2017 07:30:10 GMT" time="157.650" errors="0">
  <testcase name="ClickDiscardonEmployee_Appraisalmodule" time="74.685" classname="Appraisal.Employee_Appraisal"/>
  <testcase name="ClickonSaveButton_EmployeeAppraisal" time="82.965" classname="Appraisal.Employee_Appraisal"/>
</testsuite> <!-- Appraisal.Employee_Appraisal -->
