<?xml version="1.0" encoding="UTF-8"?>
<!-- Generated by org.testng.reporters.JUnitReportReporter -->
<testsuite skipped="0" hostname="DEV_DEL_DEEPAK" name="LoginPage.Login" tests="1" failures="0" timestamp="18 Mar 2019 06:09:29 GMT" time="0.015" errors="0">
  <testcase name="loginTest" time="0.015" classname="LoginPage.Login"/>
</testsuite> <!-- LoginPage.Login -->
