<?xml version="1.0" encoding="UTF-8"?>
<!-- Generated by org.testng.reporters.JUnitReportReporter -->
<testsuite skipped="0" hostname="DEV_DEL_DEEPAK" name="Highlighter" tests="1" failures="0" timestamp="26 Sep 2019 10:09:29 GMT" time="14.233" errors="0">
  <testcase name="LoginPage" time="14.233" classname="Highlighter"/>
</testsuite> <!-- Highlighter -->
