<?xml version="1.0" encoding="UTF-8"?>
<!-- Generated by org.testng.reporters.JUnitReportReporter -->
<testsuite skipped="0" hostname="DEV_DEL_DEEPAK" name="HiddenElement.FindHiddenElement" tests="1" failures="0" timestamp="26 Sep 2019 08:42:58 GMT" time="17.678" errors="0">
  <testcase name="LoginPage" time="17.678" classname="HiddenElement.FindHiddenElement"/>
</testsuite> <!-- HiddenElement.FindHiddenElement -->
