<?xml version="1.0" encoding="UTF-8"?>
<!-- Generated by org.testng.reporters.JUnitReportReporter -->
<testsuite skipped="0" hostname="DEV_DEL_DEEPAK" name="ExtentReport" tests="2" failures="0" timestamp="04 May 2020 14:12:42 GMT" time="19.750" errors="0">
  <testcase name="verifyTitle" time="9.988" classname="ExtentReport"/>
  <testcase name="LoginPage" time="9.762" classname="ExtentReport"/>
</testsuite> <!-- ExtentReport -->
