<?xml version="1.0" encoding="UTF-8"?>
<!-- Generated by org.testng.reporters.JUnitReportReporter -->
<testsuite skipped="0" hostname="DEV_DEL_DEEPAK" name="LoggerClass.DemoLogger" tests="1" failures="0" timestamp="24 Sep 2019 07:28:13 GMT" time="8.708" errors="0">
  <testcase name="LoginPage" time="8.708" classname="LoggerClass.DemoLogger"/>
</testsuite> <!-- LoggerClass.DemoLogger -->
