<?xml version="1.0" encoding="UTF-8"?>
<!-- Generated by org.testng.reporters.JUnitReportReporter -->
<testsuite hostname="DEV_DEL_DEEPAK" name="GetRequest.GetData" tests="2" failures="0" timestamp="24 Sep 2018 11:19:16 GMT" time="2.631" errors="0">
  <testcase name="testResponseBody" time="2.028" classname="GetRequest.GetData"/>
  <testcase name="testResponseCode" time="0.603" classname="GetRequest.GetData"/>
</testsuite> <!-- GetRequest.GetData -->
