<?xml version="1.0" encoding="UTF-8"?>
<!-- Generated by org.testng.reporters.JUnitReportReporter -->
<testsuite skipped="0" hostname="DEV_DEL_DEEPAK" name="HRMS_ERP_UAT_ADMINISTRATIVE_APPROVAL_ALLOCATION.LoginAsBOD" tests="4" failures="0" timestamp="07 Dec 2018 06:37:27 GMT" time="69.623" errors="0">
  <testcase name="UAT_Finance_AA_22" time="16.898" classname="HRMS_ERP_UAT_ADMINISTRATIVE_APPROVAL_ALLOCATION.LoginAsBOD"/>
  <testcase name="UAT_Finance_AA_23" time="17.536" classname="HRMS_ERP_UAT_ADMINISTRATIVE_APPROVAL_ALLOCATION.LoginAsBOD"/>
  <testcase name="UAT_Finance_AA_24" time="16.219" classname="HRMS_ERP_UAT_ADMINISTRATIVE_APPROVAL_ALLOCATION.LoginAsBOD"/>
  <testcase name="UAT_Finance_AA_25" time="18.970" classname="HRMS_ERP_UAT_ADMINISTRATIVE_APPROVAL_ALLOCATION.LoginAsBOD"/>
</testsuite> <!-- HRMS_ERP_UAT_ADMINISTRATIVE_APPROVAL_ALLOCATION.LoginAsBOD -->
