<?xml version="1.0" encoding="UTF-8"?>
<!-- Generated by org.testng.reporters.JUnitReportReporter -->
<testsuite skipped="0" hostname="DEV_DEL_DEEPAK" name="HRMS_ERP_UAT_BUDGET_ALLOCATION.LoginAsHOD" tests="1" failures="0" timestamp="05 Dec 2018 05:02:54 GMT" time="19.199" errors="0">
  <testcase name="UAT_Finance_BA_10" time="19.199" classname="HRMS_ERP_UAT_BUDGET_ALLOCATION.LoginAsHOD"/>
</testsuite> <!-- HRMS_ERP_UAT_BUDGET_ALLOCATION.LoginAsHOD -->
