<?xml version="1.0" encoding="UTF-8"?>
<!-- Generated by org.testng.reporters.JUnitReportReporter -->
<testsuite hostname="DEV_DEL_DEEPAK" name="HRMS_ERP_PERFORMANCE_APPRAISAL_SCRIPT.HRMS_ERP_Performance_Appraisal_Approval_Module" tests="1" failures="0" timestamp="17 Nov 2017 09:03:36 GMT" time="22.112" errors="0">
  <testcase name="verifySubmitACRHRMS_Approver_Appraisal_SC_24_TC_01" time="22.112" classname="HRMS_ERP_PERFORMANCE_APPRAISAL_SCRIPT.HRMS_ERP_Performance_Appraisal_Approval_Module"/>
</testsuite> <!-- HRMS_ERP_PERFORMANCE_APPRAISAL_SCRIPT.HRMS_ERP_Performance_Appraisal_Approval_Module -->
