<?xml version="1.0" encoding="UTF-8"?>
<!-- Generated by org.testng.reporters.JUnitReportReporter -->
<testsuite skipped="0" hostname="DEV_DEL_DEEPAK" name="HRMS_ERP_UAT_ADMINISTRATIVE_APPROVAL_ALLOCATION.LoginAsFM" tests="4" failures="0" timestamp="07 Dec 2018 04:52:30 GMT" time="186.287" errors="0">
  <testcase name="UAT_Finance_AA_14" time="16.459" classname="HRMS_ERP_UAT_ADMINISTRATIVE_APPROVAL_ALLOCATION.LoginAsFM"/>
  <testcase name="UAT_Finance_AA_15" time="39.527" classname="HRMS_ERP_UAT_ADMINISTRATIVE_APPROVAL_ALLOCATION.LoginAsFM"/>
  <testcase name="UAT_Finance_AA_16" time="49.091" classname="HRMS_ERP_UAT_ADMINISTRATIVE_APPROVAL_ALLOCATION.LoginAsFM"/>
  <testcase name="UAT_Finance_AA_17" time="81.210" classname="HRMS_ERP_UAT_ADMINISTRATIVE_APPROVAL_ALLOCATION.LoginAsFM"/>
</testsuite> <!-- HRMS_ERP_UAT_ADMINISTRATIVE_APPROVAL_ALLOCATION.LoginAsFM -->
