<?xml version="1.0" encoding="UTF-8"?>
<!-- Generated by org.testng.reporters.JUnitReportReporter -->
<testsuite skipped="0" hostname="DEV_DEL_DEEPAK" name="HRMS_ERP_UAT_BUDGET_REVISION.LoginAsFM" tests="4" failures="0" timestamp="06 Dec 2018 06:16:07 GMT" time="188.198" errors="0">
  <testcase name="UAT_Finance_BA_31" time="15.857" classname="HRMS_ERP_UAT_BUDGET_REVISION.LoginAsFM"/>
  <testcase name="UAT_Finance_BA_32" time="40.605" classname="HRMS_ERP_UAT_BUDGET_REVISION.LoginAsFM"/>
  <testcase name="UAT_Finance_BA_33" time="51.063" classname="HRMS_ERP_UAT_BUDGET_REVISION.LoginAsFM"/>
  <testcase name="UAT_Finance_BA_34" time="80.673" classname="HRMS_ERP_UAT_BUDGET_REVISION.LoginAsFM"/>
</testsuite> <!-- HRMS_ERP_UAT_BUDGET_REVISION.LoginAsFM -->
