<?xml version="1.0" encoding="UTF-8"?>
<!-- Generated by org.testng.reporters.JUnitReportReporter -->
<testsuite hostname="DEV_DEL_DEEPAK" name="HRMS_ERP_PERFORMANCE_APPRAISAL_SCRIPT.HRMS_ERP_Performance_Appraisal_Rater_Module" tests="1" failures="0" timestamp="16 Nov 2017 09:23:20 GMT" time="18.965" errors="0">
  <testcase name="verifySubmitRatingFuncDataHRMS_Rater_Appraisal_SC_14_TC_01" time="18.965" classname="HRMS_ERP_PERFORMANCE_APPRAISAL_SCRIPT.HRMS_ERP_Performance_Appraisal_Rater_Module"/>
</testsuite> <!-- HRMS_ERP_PERFORMANCE_APPRAISAL_SCRIPT.HRMS_ERP_Performance_Appraisal_Rater_Module -->
