<?xml version="1.0" encoding="UTF-8"?>
<!-- Generated by org.testng.reporters.JUnitReportReporter -->
<testsuite skipped="0" hostname="DEV_DEL_DEEPAK" name="HRMS_ERP_UAT_VRS_TEST.LoginAsCEO" tests="4" failures="0" timestamp="16 Nov 2018 05:06:29 GMT" time="372.696" errors="0">
  <testcase name="UAT_HRMS_VRS_20" time="18.719" classname="HRMS_ERP_UAT_VRS_TEST.LoginAsCEO"/>
  <testcase name="UAT_HRMS_VRS_21" time="46.397" classname="HRMS_ERP_UAT_VRS_TEST.LoginAsCEO"/>
  <testcase name="UAT_HRMS_VRS_22" time="147.248" classname="HRMS_ERP_UAT_VRS_TEST.LoginAsCEO"/>
  <testcase name="UAT_HRMS_VRS_23" time="160.332" classname="HRMS_ERP_UAT_VRS_TEST.LoginAsCEO"/>
</testsuite> <!-- HRMS_ERP_UAT_VRS_TEST.LoginAsCEO -->
