<?xml version="1.0" encoding="UTF-8"?>
<!-- Generated by org.testng.reporters.JUnitReportReporter -->
<testsuite skipped="0" hostname="DEV_DEL_DEEPAK" name="HRMS_ERP_UAT_TECHNICAL_SECTION.LoginAsBOD" tests="4" failures="0" timestamp="07 Dec 2018 11:07:46 GMT" time="172.937" errors="0">
  <testcase name="UAT_Finance_AA_45" time="18.135" classname="HRMS_ERP_UAT_TECHNICAL_SECTION.LoginAsBOD"/>
  <testcase name="UAT_Finance_AA_46" time="40.153" classname="HRMS_ERP_UAT_TECHNICAL_SECTION.LoginAsBOD"/>
  <testcase name="UAT_Finance_AA_47" time="41.202" classname="HRMS_ERP_UAT_TECHNICAL_SECTION.LoginAsBOD"/>
  <testcase name="UAT_Finance_AA_48" time="73.447" classname="HRMS_ERP_UAT_TECHNICAL_SECTION.LoginAsBOD"/>
</testsuite> <!-- HRMS_ERP_UAT_TECHNICAL_SECTION.LoginAsBOD -->
