<?xml version="1.0" encoding="UTF-8"?>
<!-- Generated by org.testng.reporters.JUnitReportReporter -->
<testsuite skipped="0" hostname="DEV_DEL_DEEPAK" name="HRMS_ERP_UAT_BUDGET_REVISION.LoginAsBOD" tests="4" failures="0" timestamp="06 Dec 2018 08:42:47 GMT" time="195.855" errors="0">
  <testcase name="UAT_Finance_BA_39" time="17.895" classname="HRMS_ERP_UAT_BUDGET_REVISION.LoginAsBOD"/>
  <testcase name="UAT_Finance_BA_40" time="42.493" classname="HRMS_ERP_UAT_BUDGET_REVISION.LoginAsBOD"/>
  <testcase name="UAT_Finance_BA_41" time="48.603" classname="HRMS_ERP_UAT_BUDGET_REVISION.LoginAsBOD"/>
  <testcase name="UAT_Finance_BA_42" time="86.864" classname="HRMS_ERP_UAT_BUDGET_REVISION.LoginAsBOD"/>
</testsuite> <!-- HRMS_ERP_UAT_BUDGET_REVISION.LoginAsBOD -->
