<?xml version="1.0" encoding="UTF-8"?>
<!-- Generated by org.testng.reporters.JUnitReportReporter -->
<testsuite skipped="0" hostname="DEV_DEL_DEEPAK" name="HRMS_ERP_UAT_PAYROLL_TEST.LoginAsEmployee" tests="4" failures="0" timestamp="22 Nov 2018 06:11:30 GMT" time="116.900" errors="0">
  <testcase name="UAT_HRMS_PAY_11" time="10.045" classname="HRMS_ERP_UAT_PAYROLL_TEST.LoginAsEmployee"/>
  <testcase name="UAT_HRMS_PAY_12" time="31.068" classname="HRMS_ERP_UAT_PAYROLL_TEST.LoginAsEmployee"/>
  <testcase name="UAT_HRMS_PAY_13" time="33.915" classname="HRMS_ERP_UAT_PAYROLL_TEST.LoginAsEmployee"/>
  <testcase name="UAT_HRMS_PAY_14" time="41.872" classname="HRMS_ERP_UAT_PAYROLL_TEST.LoginAsEmployee"/>
</testsuite> <!-- HRMS_ERP_UAT_PAYROLL_TEST.LoginAsEmployee -->
