<?xml version="1.0" encoding="UTF-8"?>
<!-- Generated by org.testng.reporters.JUnitReportReporter -->
<testsuite skipped="0" hostname="DEV_DEL_DEEPAK" name="HRMS_ERP_UAT_ADMINISTRATIVE_APPROVAL_ALLOCATION.LoginAsHOD" tests="1" failures="0" timestamp="06 Dec 2018 12:31:28 GMT" time="74.105" errors="0">
  <testcase name="UAT_Finance_AA_13" time="74.105" classname="HRMS_ERP_UAT_ADMINISTRATIVE_APPROVAL_ALLOCATION.LoginAsHOD"/>
</testsuite> <!-- HRMS_ERP_UAT_ADMINISTRATIVE_APPROVAL_ALLOCATION.LoginAsHOD -->
