<?xml version="1.0" encoding="UTF-8"?>
<!-- Generated by org.testng.reporters.JUnitReportReporter -->
<testsuite skipped="0" hostname="DEV_DEL_DEEPAK" name="HRMS_ERP_UAT_WORK_ORDER.LoginAsHOD" tests="5" failures="0" timestamp="12 Dec 2018 08:55:03 GMT" time="230.859" errors="0">
  <testcase name="UAT_Finance_WO_09" time="15.619" classname="HRMS_ERP_UAT_WORK_ORDER.LoginAsHOD"/>
  <testcase name="UAT_Finance_WO_10" time="38.631" classname="HRMS_ERP_UAT_WORK_ORDER.LoginAsHOD"/>
  <testcase name="UAT_Finance_WO_12" time="53.137" classname="HRMS_ERP_UAT_WORK_ORDER.LoginAsHOD"/>
  <testcase name="UAT_Finance_WO_13" time="55.822" classname="HRMS_ERP_UAT_WORK_ORDER.LoginAsHOD"/>
  <testcase name="UAT_Finance_WO_11" time="67.650" classname="HRMS_ERP_UAT_WORK_ORDER.LoginAsHOD"/>
</testsuite> <!-- HRMS_ERP_UAT_WORK_ORDER.LoginAsHOD -->
