<?xml version="1.0" encoding="UTF-8"?>
<!-- Generated by org.testng.reporters.JUnitReportReporter -->
<testsuite skipped="0" hostname="DEV_DEL_DEEPAK" name="HRMS_ERP_UAT_DSC_TEST.LoginAsHRManager" tests="6" failures="0" timestamp="23 Nov 2018 10:41:32 GMT" time="438.551" errors="0">
  <testcase name="UAT_HRMS_DSC_13" time="18.176" classname="HRMS_ERP_UAT_DSC_TEST.LoginAsHRManager"/>
  <testcase name="UAT_HRMS_DSC_14" time="45.205" classname="HRMS_ERP_UAT_DSC_TEST.LoginAsHRManager"/>
  <testcase name="UAT_HRMS_DSC_15" time="75.256" classname="HRMS_ERP_UAT_DSC_TEST.LoginAsHRManager"/>
  <testcase name="UAT_HRMS_DSC_16" time="81.982" classname="HRMS_ERP_UAT_DSC_TEST.LoginAsHRManager"/>
  <testcase name="UAT_HRMS_DSC_17" time="98.947" classname="HRMS_ERP_UAT_DSC_TEST.LoginAsHRManager"/>
  <testcase name="UAT_HRMS_DSC_18" time="118.985" classname="HRMS_ERP_UAT_DSC_TEST.LoginAsHRManager"/>
</testsuite> <!-- HRMS_ERP_UAT_DSC_TEST.LoginAsHRManager -->
