<?xml version="1.0" encoding="UTF-8"?>
<!-- Generated by org.testng.reporters.JUnitReportReporter -->
<testsuite skipped="0" hostname="DEV_DEL_DEEPAK" name="HRMS_ERP_UAT_ADMINISTRATIVE_APPROVAL_ALLOCATION.LoginAsCEO" tests="4" failures="0" timestamp="07 Dec 2018 06:33:32 GMT" time="73.112" errors="0">
  <testcase name="UAT_Finance_AA_18" time="16.022" classname="HRMS_ERP_UAT_ADMINISTRATIVE_APPROVAL_ALLOCATION.LoginAsCEO"/>
  <testcase name="UAT_Finance_AA_19" time="15.838" classname="HRMS_ERP_UAT_ADMINISTRATIVE_APPROVAL_ALLOCATION.LoginAsCEO"/>
  <testcase name="UAT_Finance_AA_20" time="16.462" classname="HRMS_ERP_UAT_ADMINISTRATIVE_APPROVAL_ALLOCATION.LoginAsCEO"/>
  <testcase name="UAT_Finance_AA_21" time="24.790" classname="HRMS_ERP_UAT_ADMINISTRATIVE_APPROVAL_ALLOCATION.LoginAsCEO"/>
</testsuite> <!-- HRMS_ERP_UAT_ADMINISTRATIVE_APPROVAL_ALLOCATION.LoginAsCEO -->
