<?xml version="1.0" encoding="UTF-8"?>
<!-- Generated by org.testng.reporters.JUnitReportReporter -->
<testsuite hostname="DEV_DEL_DEEPAK" name="HRMS_ERP_Management_Script.HRMS_ERP_Employee_Module" tests="2" failures="0" timestamp="28 Oct 2017 04:31:51 GMT" time="37.385" errors="0">
  <testcase name="verifyHRMSLoginPageHRMS_EMP_EMP_CR_TC_01" time="15.121" classname="HRMS_ERP_Management_Script.HRMS_ERP_Employee_Module"/>
  <testcase name="verifyHRMSClickOnEmployeeCreateHRMS_EMP_EMP_CR_TC_01" time="22.264" classname="HRMS_ERP_Management_Script.HRMS_ERP_Employee_Module"/>
</testsuite> <!-- HRMS_ERP_Management_Script.HRMS_ERP_Employee_Module -->
