<?xml version="1.0" encoding="UTF-8"?>
<!-- Generated by org.testng.reporters.JUnitReportReporter -->
<testsuite skipped="0" hostname="DEV_DEL_DEEPAK" name="HRMS_ERP_UAT_TOUR_TEST.LoginAsHRManager" tests="4" failures="0" timestamp="27 Nov 2018 06:58:28 GMT" time="232.336" errors="0">
  <testcase name="UAT_HRMS_TOUR_26" time="18.966" classname="HRMS_ERP_UAT_TOUR_TEST.LoginAsHRManager"/>
  <testcase name="UAT_HRMS_TOUR_27" time="49.391" classname="HRMS_ERP_UAT_TOUR_TEST.LoginAsHRManager"/>
  <testcase name="UAT_HRMS_TOUR_28" time="61.532" classname="HRMS_ERP_UAT_TOUR_TEST.LoginAsHRManager"/>
  <testcase name="UAT_HRMS_TOUR_29" time="102.447" classname="HRMS_ERP_UAT_TOUR_TEST.LoginAsHRManager"/>
</testsuite> <!-- HRMS_ERP_UAT_TOUR_TEST.LoginAsHRManager -->
