<?xml version="1.0" encoding="UTF-8"?>
<!-- Generated by org.testng.reporters.JUnitReportReporter -->
<testsuite skipped="0" hostname="DEV_DEL_DEEPAK" name="HRMS_ERP_UAT_BUDGET_ALLOCATION.LoginAsCEO" tests="3" failures="0" timestamp="05 Dec 2018 05:52:44 GMT" time="54.567" errors="0">
  <testcase name="UAT_Finance_BA_14" time="16.023" classname="HRMS_ERP_UAT_BUDGET_ALLOCATION.LoginAsCEO"/>
  <testcase name="UAT_Finance_BA_15" time="20.576" classname="HRMS_ERP_UAT_BUDGET_ALLOCATION.LoginAsCEO"/>
  <testcase name="UAT_Finance_BA_16" time="17.968" classname="HRMS_ERP_UAT_BUDGET_ALLOCATION.LoginAsCEO"/>
</testsuite> <!-- HRMS_ERP_UAT_BUDGET_ALLOCATION.LoginAsCEO -->
