<?xml version="1.0" encoding="UTF-8"?>
<!-- Generated by org.testng.reporters.JUnitReportReporter -->
<testsuite skipped="0" hostname="DEV_DEL_DEEPAK" name="HRMS_ERP_UAT_TOUR_TEST.LoginAsEmployee" tests="5" failures="0" timestamp="27 Nov 2018 05:17:42 GMT" time="348.882" errors="0">
  <testcase name="UAT_HRMS_TOUR_21" time="11.701" classname="HRMS_ERP_UAT_TOUR_TEST.LoginAsEmployee"/>
  <testcase name="UAT_HRMS_TOUR_22" time="47.763" classname="HRMS_ERP_UAT_TOUR_TEST.LoginAsEmployee"/>
  <testcase name="UAT_HRMS_TOUR_23" time="77.593" classname="HRMS_ERP_UAT_TOUR_TEST.LoginAsEmployee"/>
  <testcase name="UAT_HRMS_TOUR_24" time="94.425" classname="HRMS_ERP_UAT_TOUR_TEST.LoginAsEmployee"/>
  <testcase name="UAT_HRMS_TOUR_25" time="117.400" classname="HRMS_ERP_UAT_TOUR_TEST.LoginAsEmployee"/>
</testsuite> <!-- HRMS_ERP_UAT_TOUR_TEST.LoginAsEmployee -->
