<?xml version="1.0" encoding="UTF-8"?>
<!-- Generated by org.testng.reporters.JUnitReportReporter -->
<testsuite skipped="0" hostname="DEV_DEL_DEEPAK" name="HRMS_ERP_UAT_DSC_TEST.LoginAsCEO" tests="6" failures="0" timestamp="23 Nov 2018 12:25:03 GMT" time="403.786" errors="0">
  <testcase name="UAT_HRMS_DSC_25" time="16.060" classname="HRMS_ERP_UAT_DSC_TEST.LoginAsCEO"/>
  <testcase name="UAT_HRMS_DSC_26" time="44.416" classname="HRMS_ERP_UAT_DSC_TEST.LoginAsCEO"/>
  <testcase name="UAT_HRMS_DSC_27" time="75.898" classname="HRMS_ERP_UAT_DSC_TEST.LoginAsCEO"/>
  <testcase name="UAT_HRMS_DSC_28" time="80.012" classname="HRMS_ERP_UAT_DSC_TEST.LoginAsCEO"/>
  <testcase name="UAT_HRMS_DSC_29" time="90.951" classname="HRMS_ERP_UAT_DSC_TEST.LoginAsCEO"/>
  <testcase name="UAT_HRMS_DSC_30" time="96.449" classname="HRMS_ERP_UAT_DSC_TEST.LoginAsCEO"/>
</testsuite> <!-- HRMS_ERP_UAT_DSC_TEST.LoginAsCEO -->
