<?xml version="1.0" encoding="UTF-8"?>
<!-- Generated by org.testng.reporters.JUnitReportReporter -->
<testsuite skipped="0" hostname="DEV_DEL_DEEPAK" name="HRMS_ERP_UAT_BUDGET_REVISION.LoginAsHOD" tests="3" failures="0" timestamp="06 Dec 2018 05:06:31 GMT" time="150.252" errors="0">
  <testcase name="UAT_Finance_BA_28" time="18.857" classname="HRMS_ERP_UAT_BUDGET_REVISION.LoginAsHOD"/>
  <testcase name="UAT_Finance_BA_29" time="50.412" classname="HRMS_ERP_UAT_BUDGET_REVISION.LoginAsHOD"/>
  <testcase name="UAT_Finance_BA_30" time="80.983" classname="HRMS_ERP_UAT_BUDGET_REVISION.LoginAsHOD"/>
</testsuite> <!-- HRMS_ERP_UAT_BUDGET_REVISION.LoginAsHOD -->
