<?xml version="1.0" encoding="UTF-8"?>
<!-- Generated by org.testng.reporters.JUnitReportReporter -->
<testsuite skipped="0" hostname="DEV_DEL_DEEPAK" name="HRMS_ERP_UAT_VRS_TEST.LoginAsCO" tests="2" failures="0" timestamp="14 Nov 2018 09:30:41 GMT" time="177.202" errors="0">
  <testcase name="UAT_HRMS_VRS_13" time="92.255" classname="HRMS_ERP_UAT_VRS_TEST.LoginAsCO"/>
  <testcase name="UAT_HRMS_VRS_12" time="84.947" classname="HRMS_ERP_UAT_VRS_TEST.LoginAsCO"/>
</testsuite> <!-- HRMS_ERP_UAT_VRS_TEST.LoginAsCO -->
