<?xml version="1.0" encoding="UTF-8"?>
<!-- Generated by org.testng.reporters.JUnitReportReporter -->
<testsuite skipped="0" hostname="DEV_DEL_DEEPAK" name="HRMS_ERP_UAT_GRANT_MANAGEMENT.LoginAsCEO" tests="6" failures="0" timestamp="19 Dec 2018 10:01:29 GMT" time="310.303" errors="0">
  <testcase name="UAT_Finance_GM_13" time="18.445" classname="HRMS_ERP_UAT_GRANT_MANAGEMENT.LoginAsCEO"/>
  <testcase name="UAT_Finance_GM_14" time="39.317" classname="HRMS_ERP_UAT_GRANT_MANAGEMENT.LoginAsCEO"/>
  <testcase name="UAT_Finance_GM_15" time="46.927" classname="HRMS_ERP_UAT_GRANT_MANAGEMENT.LoginAsCEO"/>
  <testcase name="UAT_Finance_GM_16" time="69.374" classname="HRMS_ERP_UAT_GRANT_MANAGEMENT.LoginAsCEO"/>
  <testcase name="UAT_Finance_GM_18" time="60.687" classname="HRMS_ERP_UAT_GRANT_MANAGEMENT.LoginAsCEO"/>
  <testcase name="UAT_Finance_GM_17" time="75.553" classname="HRMS_ERP_UAT_GRANT_MANAGEMENT.LoginAsCEO"/>
</testsuite> <!-- HRMS_ERP_UAT_GRANT_MANAGEMENT.LoginAsCEO -->
