<?xml version="1.0" encoding="UTF-8"?>
<!-- Generated by org.testng.reporters.JUnitReportReporter -->
<testsuite skipped="0" hostname="DEV_DEL_DEEPAK" name="HRMS_ERP_UAT_WORK_ORDER.LoginAsCEO" tests="5" failures="0" timestamp="12 Dec 2018 11:04:48 GMT" time="233.526" errors="0">
  <testcase name="UAT_Finance_WO_14" time="15.836" classname="HRMS_ERP_UAT_WORK_ORDER.LoginAsCEO"/>
  <testcase name="UAT_Finance_WO_15" time="37.852" classname="HRMS_ERP_UAT_WORK_ORDER.LoginAsCEO"/>
  <testcase name="UAT_Finance_WO_17" time="54.764" classname="HRMS_ERP_UAT_WORK_ORDER.LoginAsCEO"/>
  <testcase name="UAT_Finance_WO_18" time="54.952" classname="HRMS_ERP_UAT_WORK_ORDER.LoginAsCEO"/>
  <testcase name="UAT_Finance_WO_16" time="70.122" classname="HRMS_ERP_UAT_WORK_ORDER.LoginAsCEO"/>
</testsuite> <!-- HRMS_ERP_UAT_WORK_ORDER.LoginAsCEO -->
