<?xml version="1.0" encoding="UTF-8"?>
<!-- Generated by org.testng.reporters.JUnitReportReporter -->
<testsuite skipped="0" hostname="DEV_DEL_DEEPAK" name="HRMS_ERP_UAT_TOUR_TEST.LoginAsHOD" tests="4" failures="0" timestamp="26 Nov 2018 10:21:35 GMT" time="224.703" errors="0">
  <testcase name="UAT_HRMS_TOUR_9" time="16.769" classname="HRMS_ERP_UAT_TOUR_TEST.LoginAsHOD"/>
  <testcase name="UAT_HRMS_TOUR_10" time="48.557" classname="HRMS_ERP_UAT_TOUR_TEST.LoginAsHOD"/>
  <testcase name="UAT_HRMS_TOUR_11" time="62.839" classname="HRMS_ERP_UAT_TOUR_TEST.LoginAsHOD"/>
  <testcase name="UAT_HRMS_TOUR_12" time="96.538" classname="HRMS_ERP_UAT_TOUR_TEST.LoginAsHOD"/>
</testsuite> <!-- HRMS_ERP_UAT_TOUR_TEST.LoginAsHOD -->
