<?xml version="1.0" encoding="UTF-8"?>
<!-- Generated by org.testng.reporters.JUnitReportReporter -->
<testsuite skipped="0" hostname="DEV_DEL_DEEPAK" name="HRMS_ERP_UAT_TOUR_TEST.LoginAsCEO" tests="4" failures="0" timestamp="27 Nov 2018 07:45:56 GMT" time="230.291" errors="0">
  <testcase name="UAT_HRMS_TOUR_30" time="16.460" classname="HRMS_ERP_UAT_TOUR_TEST.LoginAsCEO"/>
  <testcase name="UAT_HRMS_TOUR_31" time="50.342" classname="HRMS_ERP_UAT_TOUR_TEST.LoginAsCEO"/>
  <testcase name="UAT_HRMS_TOUR_32" time="60.785" classname="HRMS_ERP_UAT_TOUR_TEST.LoginAsCEO"/>
  <testcase name="UAT_HRMS_TOUR_33" time="102.704" classname="HRMS_ERP_UAT_TOUR_TEST.LoginAsCEO"/>
</testsuite> <!-- HRMS_ERP_UAT_TOUR_TEST.LoginAsCEO -->
