<?xml version="1.0" encoding="UTF-8"?>
<!-- Generated by org.testng.reporters.JUnitReportReporter -->
<testsuite hostname="DEV_DEL_DEEPAK" name="HRMS_ERP_Management_Script.HRMS_ERP_Performance_Appraisal_Admin_Module" tests="6" failures="0" timestamp="15 Nov 2017 09:46:48 GMT" time="232.528" errors="0">
  <testcase name="verifyHRMSSaveFunWithValidDataHRMS_Admin_Appraisal_SC_03_TC_01" time="63.162" classname="HRMS_ERP_Management_Script.HRMS_ERP_Performance_Appraisal_Admin_Module"/>
  <testcase name="verifyHRMSLoginPageHRMS_Admin_Appraisal_SC_01_TC_01" time="15.184" classname="HRMS_ERP_Management_Script.HRMS_ERP_Performance_Appraisal_Admin_Module"/>
  <testcase name="verifyHRMSCreateAppraisalInitiatorHRMS_Admin_Appraisal_SC_02_TC_01" time="21.737" classname="HRMS_ERP_Management_Script.HRMS_ERP_Performance_Appraisal_Admin_Module"/>
  <testcase name="verifyHRMSSaveFunWithInValidDataHRMS_Admin_Appraisal_SC_03_TC_02" time="57.203" classname="HRMS_ERP_Management_Script.HRMS_ERP_Performance_Appraisal_Admin_Module"/>
  <testcase name="verifyHRMSDiscardFunWithInValidDataHRMS_Admin_Appraisal_SC_04_TC_01" time="52.704" classname="HRMS_ERP_Management_Script.HRMS_ERP_Performance_Appraisal_Admin_Module"/>
  <testcase name="verifyHRMSDeleteFunHRMS_Admin_Appraisal_SC_05_TC_01" time="22.538" classname="HRMS_ERP_Management_Script.HRMS_ERP_Performance_Appraisal_Admin_Module"/>
</testsuite> <!-- HRMS_ERP_Management_Script.HRMS_ERP_Performance_Appraisal_Admin_Module -->
