<?xml version="1.0" encoding="UTF-8"?>
<!-- Generated by org.testng.reporters.JUnitReportReporter -->
<testsuite skipped="0" hostname="DEV_DEL_DEEPAK" name="HRMS_ERP_UAT_BUDGET_ALLOCATION.LoginAsBOD" tests="4" failures="0" timestamp="05 Dec 2018 06:15:39 GMT" time="86.700" errors="0">
  <testcase name="UAT_Finance_BA_17" time="30.027" classname="HRMS_ERP_UAT_BUDGET_ALLOCATION.LoginAsBOD"/>
  <testcase name="UAT_Finance_BA_18" time="16.702" classname="HRMS_ERP_UAT_BUDGET_ALLOCATION.LoginAsBOD"/>
  <testcase name="UAT_Finance_BA_19" time="20.788" classname="HRMS_ERP_UAT_BUDGET_ALLOCATION.LoginAsBOD"/>
  <testcase name="UAT_Finance_BA_20" time="19.183" classname="HRMS_ERP_UAT_BUDGET_ALLOCATION.LoginAsBOD"/>
</testsuite> <!-- HRMS_ERP_UAT_BUDGET_ALLOCATION.LoginAsBOD -->
