<?xml version="1.0" encoding="UTF-8"?>
<!-- Generated by org.testng.reporters.JUnitReportReporter -->
<testsuite skipped="0" hostname="DEV_DEL_DEEPAK" name="HRMS_ERP_UAT_GRANT_MANAGEMENT.LoginAsFM" tests="6" failures="0" timestamp="19 Dec 2018 09:34:03 GMT" time="300.276" errors="0">
  <testcase name="UAT_Finance_GM_07" time="15.910" classname="HRMS_ERP_UAT_GRANT_MANAGEMENT.LoginAsFM"/>
  <testcase name="UAT_Finance_GM_08" time="37.824" classname="HRMS_ERP_UAT_GRANT_MANAGEMENT.LoginAsFM"/>
  <testcase name="UAT_Finance_GM_09" time="46.764" classname="HRMS_ERP_UAT_GRANT_MANAGEMENT.LoginAsFM"/>
  <testcase name="UAT_Finance_GM_10" time="66.634" classname="HRMS_ERP_UAT_GRANT_MANAGEMENT.LoginAsFM"/>
  <testcase name="UAT_Finance_GM_12" time="62.868" classname="HRMS_ERP_UAT_GRANT_MANAGEMENT.LoginAsFM"/>
  <testcase name="UAT_Finance_GM_11" time="70.276" classname="HRMS_ERP_UAT_GRANT_MANAGEMENT.LoginAsFM"/>
</testsuite> <!-- HRMS_ERP_UAT_GRANT_MANAGEMENT.LoginAsFM -->
