<?xml version="1.0" encoding="UTF-8"?>
<!-- Generated by org.testng.reporters.JUnitReportReporter -->
<testsuite hostname="DEV_DEL_DEEPAK" name="HRMS_ERP_Management_Script.HRMS_ERP_Performance_Appraisal_Module" tests="6" failures="0" timestamp="15 Nov 2017 07:17:36 GMT" time="251.271" errors="0">
  <testcase name="verifyHRMSCreateAppraisalInitiatorHRMS_Admin_Appraisal_SC_02_TC_01" time="28.085" classname="HRMS_ERP_Management_Script.HRMS_ERP_Performance_Appraisal_Module"/>
  <testcase name="verifyHRMSLoginPageHRMS_Admin_Appraisal_SC_01_TC_01" time="16.332" classname="HRMS_ERP_Management_Script.HRMS_ERP_Performance_Appraisal_Module"/>
  <testcase name="verifyHRMSDiscardFunWithInValidDataHRMS_Admin_Appraisal_SC_04_TC_01" time="57.607" classname="HRMS_ERP_Management_Script.HRMS_ERP_Performance_Appraisal_Module"/>
  <testcase name="verifyHRMSSaveFunWithInValidDataHRMS_Admin_Appraisal_SC_03_TC_02" time="58.246" classname="HRMS_ERP_Management_Script.HRMS_ERP_Performance_Appraisal_Module"/>
  <testcase name="verifyHRMSDeleteFunHRMS_Admin_Appraisal_SC_05_TC_01" time="24.813" classname="HRMS_ERP_Management_Script.HRMS_ERP_Performance_Appraisal_Module"/>
  <testcase name="verifyHRMSSaveFunWithValidDataHRMS_Admin_Appraisal_SC_03_TC_01" time="66.188" classname="HRMS_ERP_Management_Script.HRMS_ERP_Performance_Appraisal_Module"/>
</testsuite> <!-- HRMS_ERP_Management_Script.HRMS_ERP_Performance_Appraisal_Module -->
