<?xml version="1.0" encoding="UTF-8"?>
<!-- Generated by org.testng.reporters.JUnitReportReporter -->
<testsuite skipped="0" hostname="DEV_DEL_DEEPAK" name="HRMS_ERP_UAT_GRANT_MANAGEMENT.LoginAsOfficer" tests="1" failures="0" timestamp="19 Dec 2018 09:08:37 GMT" time="68.098" errors="0">
  <testcase name="UAT_Finance_GM_06" time="68.098" classname="HRMS_ERP_UAT_GRANT_MANAGEMENT.LoginAsOfficer"/>
</testsuite> <!-- HRMS_ERP_UAT_GRANT_MANAGEMENT.LoginAsOfficer -->
