<?xml version="1.0" encoding="UTF-8"?>
<!-- Generated by org.testng.reporters.JUnitReportReporter -->
<testsuite skipped="0" hostname="DEV_DEL_DEEPAK" name="HRMS_ERP_UAT_BUDGET_ALLOCATION.LoginAsFM" tests="3" failures="0" timestamp="05 Dec 2018 05:30:08 GMT" time="65.983" errors="0">
  <testcase name="UAT_Finance_BA_11" time="21.400" classname="HRMS_ERP_UAT_BUDGET_ALLOCATION.LoginAsFM"/>
  <testcase name="UAT_Finance_BA_12" time="24.497" classname="HRMS_ERP_UAT_BUDGET_ALLOCATION.LoginAsFM"/>
  <testcase name="UAT_Finance_BA_13" time="20.086" classname="HRMS_ERP_UAT_BUDGET_ALLOCATION.LoginAsFM"/>
</testsuite> <!-- HRMS_ERP_UAT_BUDGET_ALLOCATION.LoginAsFM -->
