<?xml version="1.0" encoding="UTF-8"?>
<!-- Generated by org.testng.reporters.JUnitReportReporter -->
<testsuite hostname="DEV_DEL_DEEPAK" name="HRMS_ERP_Management.HRMS_ERP_Configuration_Module" tests="1" failures="0" timestamp="25 Oct 2017 06:35:46 GMT" time="9.006" errors="0">
  <testcase name="HRMS_EMP_C_CR_TC_01" time="9.006" classname="HRMS_ERP_Management.HRMS_ERP_Configuration_Module"/>
</testsuite> <!-- HRMS_ERP_Management.HRMS_ERP_Configuration_Module -->
