<?xml version="1.0" encoding="UTF-8"?>
<!-- Generated by org.testng.reporters.JUnitReportReporter -->
<testsuite skipped="0" hostname="DEV_DEL_DEEPAK" name="HRMS_ERP_UAT_VRS_TEST.LoginAsEmployee" tests="3" failures="0" timestamp="21 Nov 2018 06:47:37 GMT" time="227.499" errors="0">
  <testcase name="UAT_HRMS_VRS_24" time="19.554" classname="HRMS_ERP_UAT_VRS_TEST.LoginAsEmployee"/>
  <testcase name="UAT_HRMS_VRS_25" time="104.936" classname="HRMS_ERP_UAT_VRS_TEST.LoginAsEmployee"/>
  <testcase name="UAT_HRMS_VRS_26" time="103.009" classname="HRMS_ERP_UAT_VRS_TEST.LoginAsEmployee"/>
</testsuite> <!-- HRMS_ERP_UAT_VRS_TEST.LoginAsEmployee -->
