<?xml version="1.0" encoding="UTF-8"?>
<!-- Generated by org.testng.reporters.JUnitReportReporter -->
<testsuite skipped="0" hostname="DEV_DEL_DEEPAK" name="HRMS_ERP_UAT_BUDGET_REVISION.LoginAsCEO" tests="4" failures="0" timestamp="06 Dec 2018 06:45:44 GMT" time="194.086" errors="0">
  <testcase name="UAT_Finance_BA_35" time="26.530" classname="HRMS_ERP_UAT_BUDGET_REVISION.LoginAsCEO"/>
  <testcase name="UAT_Finance_BA_36" time="39.182" classname="HRMS_ERP_UAT_BUDGET_REVISION.LoginAsCEO"/>
  <testcase name="UAT_Finance_BA_37" time="50.544" classname="HRMS_ERP_UAT_BUDGET_REVISION.LoginAsCEO"/>
  <testcase name="UAT_Finance_BA_38" time="77.830" classname="HRMS_ERP_UAT_BUDGET_REVISION.LoginAsCEO"/>
</testsuite> <!-- HRMS_ERP_UAT_BUDGET_REVISION.LoginAsCEO -->
