<?xml version="1.0" encoding="UTF-8"?>
<!-- Generated by org.testng.reporters.JUnitReportReporter -->
<testsuite skipped="0" hostname="DEV_DEL_DEEPAK" name="HRMS_ERP_UAT_GRANT_MANAGEMENT.LoginAsAM" tests="7" failures="0" timestamp="19 Dec 2018 10:35:16 GMT" time="379.348" errors="0">
  <testcase name="UAT_Finance_GM_19" time="15.804" classname="HRMS_ERP_UAT_GRANT_MANAGEMENT.LoginAsAM"/>
  <testcase name="UAT_Finance_GM_20" time="38.285" classname="HRMS_ERP_UAT_GRANT_MANAGEMENT.LoginAsAM"/>
  <testcase name="UAT_Finance_GM_21" time="44.444" classname="HRMS_ERP_UAT_GRANT_MANAGEMENT.LoginAsAM"/>
  <testcase name="UAT_Finance_GM_22" time="73.346" classname="HRMS_ERP_UAT_GRANT_MANAGEMENT.LoginAsAM"/>
  <testcase name="UAT_Finance_GM_23" time="69.308" classname="HRMS_ERP_UAT_GRANT_MANAGEMENT.LoginAsAM"/>
  <testcase name="UAT_Finance_GM_25" time="61.980" classname="HRMS_ERP_UAT_GRANT_MANAGEMENT.LoginAsAM"/>
  <testcase name="UAT_Finance_GM_24" time="76.181" classname="HRMS_ERP_UAT_GRANT_MANAGEMENT.LoginAsAM"/>
</testsuite> <!-- HRMS_ERP_UAT_GRANT_MANAGEMENT.LoginAsAM -->
