<?xml version="1.0" encoding="UTF-8"?>
<!-- Generated by org.testng.reporters.JUnitReportReporter -->
<testsuite hostname="DEV_DEL_DEEPAK" name="HRMS_ERP_Management_Script.HRMS_ERP_Performance_Appraisal_Employee_Module" tests="1" failures="0" timestamp="15 Nov 2017 13:05:07 GMT" time="15.177" errors="0">
  <testcase name="verifySubmitACRHRMSLoginPageHRMS_Employee_Appraisal_SC_09_TC_01" time="15.177" classname="HRMS_ERP_Management_Script.HRMS_ERP_Performance_Appraisal_Employee_Module"/>
</testsuite> <!-- HRMS_ERP_Management_Script.HRMS_ERP_Performance_Appraisal_Employee_Module -->
