<?xml version="1.0" encoding="UTF-8"?>
<!-- Generated by org.testng.reporters.JUnitReportReporter -->
<testsuite skipped="0" hostname="DEV_DEL_DEEPAK" name="HRMS_ERP_UAT_DSC_TEST.LoginAsEmployee" tests="4" failures="0" timestamp="23 Nov 2018 12:41:32 GMT" time="183.438" errors="0">
  <testcase name="UAT_HRMS_DSC_31" time="14.519" classname="HRMS_ERP_UAT_DSC_TEST.LoginAsEmployee"/>
  <testcase name="UAT_HRMS_DSC_32" time="42.958" classname="HRMS_ERP_UAT_DSC_TEST.LoginAsEmployee"/>
  <testcase name="UAT_HRMS_DSC_33" time="59.667" classname="HRMS_ERP_UAT_DSC_TEST.LoginAsEmployee"/>
  <testcase name="UAT_HRMS_DSC_34" time="66.294" classname="HRMS_ERP_UAT_DSC_TEST.LoginAsEmployee"/>
</testsuite> <!-- HRMS_ERP_UAT_DSC_TEST.LoginAsEmployee -->
