<?xml version="1.0" encoding="UTF-8"?>
<!-- Generated by org.testng.reporters.JUnitReportReporter -->
<testsuite skipped="0" hostname="DEV_DEL_DEEPAK" name="HRMS_ERP_UAT_DSC_TEST.LoginAsEnquiryOfficer" tests="6" failures="0" timestamp="23 Nov 2018 11:38:24 GMT" time="396.311" errors="0">
  <testcase name="UAT_HRMS_DSC_19" time="18.651" classname="HRMS_ERP_UAT_DSC_TEST.LoginAsEnquiryOfficer"/>
  <testcase name="UAT_HRMS_DSC_20" time="43.229" classname="HRMS_ERP_UAT_DSC_TEST.LoginAsEnquiryOfficer"/>
  <testcase name="UAT_HRMS_DSC_21" time="75.907" classname="HRMS_ERP_UAT_DSC_TEST.LoginAsEnquiryOfficer"/>
  <testcase name="UAT_HRMS_DSC_22" time="79.714" classname="HRMS_ERP_UAT_DSC_TEST.LoginAsEnquiryOfficer"/>
  <testcase name="UAT_HRMS_DSC_24" time="90.761" classname="HRMS_ERP_UAT_DSC_TEST.LoginAsEnquiryOfficer"/>
  <testcase name="UAT_HRMS_DSC_23" time="88.049" classname="HRMS_ERP_UAT_DSC_TEST.LoginAsEnquiryOfficer"/>
</testsuite> <!-- HRMS_ERP_UAT_DSC_TEST.LoginAsEnquiryOfficer -->
