<?xml version="1.0" encoding="UTF-8"?>
<!-- Generated by org.testng.reporters.JUnitReportReporter -->
<testsuite skipped="0" hostname="DEV_DEL_DEEPAK" name="HRMS_ERP_UAT_TECHNICAL_SECTION.LoginAsCEO" tests="5" failures="0" timestamp="07 Dec 2018 10:48:05 GMT" time="227.685" errors="0">
  <testcase name="UAT_Finance_AA_40" time="16.115" classname="HRMS_ERP_UAT_TECHNICAL_SECTION.LoginAsCEO"/>
  <testcase name="UAT_Finance_AA_42" time="41.285" classname="HRMS_ERP_UAT_TECHNICAL_SECTION.LoginAsCEO"/>
  <testcase name="UAT_Finance_AA_41" time="41.025" classname="HRMS_ERP_UAT_TECHNICAL_SECTION.LoginAsCEO"/>
  <testcase name="UAT_Finance_AA_43" time="60.969" classname="HRMS_ERP_UAT_TECHNICAL_SECTION.LoginAsCEO"/>
  <testcase name="UAT_Finance_AA_44" time="68.291" classname="HRMS_ERP_UAT_TECHNICAL_SECTION.LoginAsCEO"/>
</testsuite> <!-- HRMS_ERP_UAT_TECHNICAL_SECTION.LoginAsCEO -->
