<?xml version="1.0" encoding="UTF-8"?>
<!-- Generated by org.testng.reporters.JUnitReportReporter -->
<testsuite skipped="0" hostname="DEV_DEL_DEEPAK" name="com.mavenprofiles.RegressionTest" tests="4" failures="0" timestamp="12 Mar 2020 06:17:46 GMT" time="0.018" errors="0">
  <testcase name="test2" time="0.002" classname="com.mavenprofiles.RegressionTest"/>
  <testcase name="test3" time="0.001" classname="com.mavenprofiles.RegressionTest"/>
  <testcase name="test1" time="0.004" classname="com.mavenprofiles.RegressionTest"/>
  <testcase name="test" time="0.011" classname="com.mavenprofiles.RegressionTest"/>
</testsuite> <!-- com.mavenprofiles.RegressionTest -->
