<?xml version="1.0" encoding="UTF-8"?>
<!-- Generated by org.testng.reporters.JUnitReportReporter -->
<testsuite skipped="0" hostname="DEV_DEL_DEEPAK" name="com.restdatadriven.SampleTest" tests="1" failures="0" timestamp="30 Mar 2020 16:19:37 GMT" time="0.668" errors="0">
  <testcase name="mtest" time="0.668" classname="com.restdatadriven.SampleTest"/>
</testsuite> <!-- com.restdatadriven.SampleTest -->
