<?xml version="1.0" encoding="UTF-8"?>
<!-- Generated by org.testng.reporters.JUnitReportReporter -->
<testsuite skipped="0" hostname="DEV_DEL_DEEPAK" name="com.restdatadriven.Hashmap" tests="1" failures="0" timestamp="31 Mar 2020 09:29:33 GMT" time="0.960" errors="0">
  <testcase name="test" time="0.960" classname="com.restdatadriven.Hashmap"/>
</testsuite> <!-- com.restdatadriven.Hashmap -->
