<?xml version="1.0" encoding="UTF-8"?>
<!-- Generated by org.testng.reporters.JUnitReportReporter -->
<testsuite skipped="0" hostname="DEV_DEL_DEEPAK" name="com.TestngBasics.TestngBasics" tests="6" failures="0" timestamp="09 Mar 2020 12:47:48 GMT" time="0.021" errors="0">
  <testcase name="googleTitleTest" time="0.006" classname="com.TestngBasics.TestngBasics"/>
  <testcase name="googleImage" time="0.004" classname="com.TestngBasics.TestngBasics"/>
  <testcase name="googleLink" time="0.005" classname="com.TestngBasics.TestngBasics"/>
  <testcase name="test" time="0.002" classname="com.TestngBasics.TestngBasics"/>
  <testcase name="test1" time="0.002" classname="com.TestngBasics.TestngBasics"/>
  <testcase name="test2" time="0.002" classname="com.TestngBasics.TestngBasics"/>
</testsuite> <!-- com.TestngBasics.TestngBasics -->
