<?xml version="1.0" encoding="UTF-8"?>
<!-- Generated by org.testng.reporters.JUnitReportReporter -->
<testsuite skipped="0" hostname="DEV_DEL_DEEPAK" name="com.barcode.BarcodeHandle" tests="1" failures="0" timestamp="13 Mar 2020 13:15:04 GMT" time="17.260" errors="0">
  <testcase name="barCodeTest" time="17.260" classname="com.barcode.BarcodeHandle"/>
</testsuite> <!-- com.barcode.BarcodeHandle -->
