<?xml version="1.0" encoding="UTF-8"?>
<!-- Generated by org.testng.reporters.JUnitReportReporter -->
<testsuite skipped="0" hostname="DEV_DEL_DEEPAK" name="com.otphandle.OTPHandle" tests="1" failures="0" timestamp="30 Mar 2020 06:57:55 GMT" time="19.510" errors="0">
  <testcase name="test" time="19.510" classname="com.otphandle.OTPHandle"/>
</testsuite> <!-- com.otphandle.OTPHandle -->
