<?xml version="1.0" encoding="UTF-8"?>
<!-- Generated by org.testng.reporters.JUnitReportReporter -->
<testsuite skipped="0" hostname="DEV_DEL_DEEPAK" name="com.DynamicXpath.FirefoxHeadless" tests="2" failures="0" timestamp="16 Mar 2020 07:26:54 GMT" time="61.593" errors="0">
  <testcase name="test" time="22.834" classname="com.DynamicXpath.FirefoxHeadless"/>
  <testcase name="test1" time="38.759" classname="com.DynamicXpath.FirefoxHeadless"/>
</testsuite> <!-- com.DynamicXpath.FirefoxHeadless -->
