<?xml version="1.0" encoding="UTF-8"?>
<!-- Generated by org.testng.reporters.JUnitReportReporter -->
<testsuite skipped="0" hostname="DEV_DEL_DEEPAK" name="com.TestngBasics.TestngFeatures" tests="4" failures="0" timestamp="09 Mar 2020 12:59:25 GMT" time="0.024" errors="0">
  <testcase name="homeTest" time="0.004" classname="com.TestngBasics.TestngFeatures"/>
  <testcase name="regPageTest" time="0.004" classname="com.TestngBasics.TestngFeatures"/>
  <testcase name="searchPageTest" time="0.003" classname="com.TestngBasics.TestngFeatures"/>
  <testcase name="loginTest" time="0.013" classname="com.TestngBasics.TestngFeatures"/>
</testsuite> <!-- com.TestngBasics.TestngFeatures -->
