<?xml version="1.0" encoding="UTF-8"?>
<!-- Generated by org.testng.reporters.JUnitReportReporter -->
<testsuite skipped="0" hostname="DEV_DEL_DEEPAK" name="com.TestngBasics.ExceptionTimeOutTest" tests="1" failures="0" timestamp="09 Mar 2020 13:21:53 GMT" time="0.017" errors="0">
  <testcase name="test" time="0.017" classname="com.TestngBasics.ExceptionTimeOutTest"/>
</testsuite> <!-- com.TestngBasics.ExceptionTimeOutTest -->
