<?xml version="1.0" encoding="UTF-8"?>
<!-- Generated by org.testng.reporters.JUnitReportReporter -->
<testsuite skipped="0" hostname="DEV_DEL_DEEPAK" name="com.freecrm.FreeCrmTest" tests="2" failures="0" timestamp="12 Mar 2020 17:35:07 GMT" time="37.204" errors="0">
  <testcase name="loginWithAdminUserTest" time="17.388" classname="com.freecrm.FreeCrmTest"/>
  <testcase name="loginWithCustomerUserTest" time="19.816" classname="com.freecrm.FreeCrmTest"/>
</testsuite> <!-- com.freecrm.FreeCrmTest -->
