<?xml version="1.0" encoding="UTF-8"?>
<!-- Generated by org.testng.reporters.JUnitReportReporter -->
<testsuite skipped="0" hostname="DEV_DEL_DEEPAK" name="com.freecrm.DeepakHashMapTest" tests="4" failures="0" timestamp="13 Mar 2020 05:56:53 GMT" time="51.101" errors="0">
  <testcase name="loginFarmerUser" time="12.536" classname="com.freecrm.DeepakHashMapTest"/>
  <testcase name="loginHDOUser" time="13.630" classname="com.freecrm.DeepakHashMapTest"/>
  <testcase name="loginSMSUser" time="12.567" classname="com.freecrm.DeepakHashMapTest"/>
  <testcase name="loginDDHUser" time="12.368" classname="com.freecrm.DeepakHashMapTest"/>
</testsuite> <!-- com.freecrm.DeepakHashMapTest -->
