<?xml version="1.0" encoding="UTF-8"?>
<!-- Generated by org.testng.reporters.JUnitReportReporter -->
<testsuite skipped="0" hostname="DEV_DEL_DEEPAK" name="com.parameters.ParameterTest" tests="1" failures="0" timestamp="09 Mar 2020 19:53:50 GMT" time="15.988" errors="0">
  <testcase name="yahooLoginTest" time="15.988" classname="com.parameters.ParameterTest"/>
</testsuite> <!-- com.parameters.ParameterTest -->
