<?xml version="1.0" encoding="UTF-8"?>
<!-- Generated by org.testng.reporters.JUnitReportReporter -->
<testsuite skipped="0" hostname="DEV_DEL_DEEPAK" name="com.verbose.VerboseClass" tests="3" failures="0" timestamp="09 Mar 2020 22:17:10 GMT" time="41.475" errors="0">
  <testcase name="FBTitleTest" time="15.335" classname="com.verbose.VerboseClass"/>
  <testcase name="FBTitleTest1" time="12.514" classname="com.verbose.VerboseClass"/>
  <testcase name="FBTitleTest2" time="13.626" classname="com.verbose.VerboseClass"/>
</testsuite> <!-- com.verbose.VerboseClass -->
