<?xml version="1.0" encoding="UTF-8"?>
<!-- Generated by org.testng.reporters.JUnitReportReporter -->
<testsuite skipped="0" hostname="DEV_DEL_DEEPAK" name="com.datadriven.HalfEbayTest" tests="4" failures="0" timestamp="09 Mar 2020 21:40:54 GMT" time="57.041" errors="0">
  <testcase name="halfEbayRegPageTest" time="13.220" classname="com.datadriven.HalfEbayTest"/>
  <testcase name="halfEbayRegPageTest" time="13.646" classname="com.datadriven.HalfEbayTest"/>
  <testcase name="halfEbayRegPageTest" time="14.723" classname="com.datadriven.HalfEbayTest"/>
  <testcase name="halfEbayRegPageTest" time="15.452" classname="com.datadriven.HalfEbayTest"/>
</testsuite> <!-- com.datadriven.HalfEbayTest -->
