<?xml version="1.0" encoding="UTF-8"?>
<!-- Generated by org.testng.reporters.JUnitReportReporter -->
<testsuite skipped="0" hostname="DEV_DEL_DEEPAK" name="com.pdfreader.PDFReaderTest" tests="1" failures="0" timestamp="26 Mar 2020 12:46:24 GMT" time="14.068" errors="0">
  <testcase name="pdfReader" time="14.068" classname="com.pdfreader.PDFReaderTest"/>
</testsuite> <!-- com.pdfreader.PDFReaderTest -->
