<?xml version="1.0" encoding="UTF-8"?>
<!-- Generated by org.testng.reporters.JUnitReportReporter -->
<testsuite skipped="0" hostname="DEV_DEL_DEEPAK" name="com.TestngBasics.InvocationCountTest" tests="8" failures="0" timestamp="09 Mar 2020 13:05:05 GMT" time="0.031" errors="0">
  <testcase name="sum" time="0.002" classname="com.TestngBasics.InvocationCountTest"/>
  <testcase name="sum" time="0.003" classname="com.TestngBasics.InvocationCountTest"/>
  <testcase name="sum" time="0.005" classname="com.TestngBasics.InvocationCountTest"/>
  <testcase name="sum" time="0.001" classname="com.TestngBasics.InvocationCountTest"/>
  <testcase name="sum" time="0.001" classname="com.TestngBasics.InvocationCountTest"/>
  <testcase name="sum" time="0.002" classname="com.TestngBasics.InvocationCountTest"/>
  <testcase name="sum" time="0.001" classname="com.TestngBasics.InvocationCountTest"/>
  <testcase name="sum" time="0.016" classname="com.TestngBasics.InvocationCountTest"/>
</testsuite> <!-- com.TestngBasics.InvocationCountTest -->
