<?xml version="1.0" encoding="UTF-8"?>
<!-- Generated by org.testng.reporters.JUnitReportReporter -->
<testsuite skipped="0" hostname="DEV_DEL_DEEPAK" name="com.database.DatabaseConnectivity" tests="1" failures="0" timestamp="02 Jun 2020 11:08:17 GMT" time="2.470" errors="0">
  <testcase name="setDataBaseConnection" time="2.470" classname="com.database.DatabaseConnectivity"/>
</testsuite> <!-- com.database.DatabaseConnectivity -->
