<?xml version="1.0" encoding="UTF-8"?>
<!-- Generated by org.testng.reporters.JUnitReportReporter -->
<testsuite skipped="0" hostname="DEV_DEL_DEEPAK" name="com.sikuliconcept.GoogleTest" tests="1" failures="0" timestamp="26 Mar 2020 11:15:57 GMT" time="13.771" errors="0">
  <testcase name="googleTest" time="13.771" classname="com.sikuliconcept.GoogleTest"/>
</testsuite> <!-- com.sikuliconcept.GoogleTest -->
