<?xml version="1.0" encoding="UTF-8"?>
<!-- Generated by org.testng.reporters.JUnitReportReporter -->
<testsuite hostname="DEV_DEL_DEEPAK" name="tests.Basics" tests="1" failures="0" timestamp="30 Sep 2018 14:01:23 GMT" time="0.849" errors="0">
  <testcase name="getData" time="0.849" classname="tests.Basics"/>
</testsuite> <!-- tests.Basics -->
