<?xml version="1.0" encoding="UTF-8"?>
<!-- Generated by org.testng.reporters.JUnitReportReporter -->
<testsuite hostname="DEV_DEL_DEEPAK" name="Basics4" tests="1" failures="0" timestamp="26 Sep 2018 09:09:15 GMT" time="2.949" errors="0">
  <testcase name="getData" time="2.949" classname="Basics4"/>
</testsuite> <!-- Basics4 -->
