<?xml version="1.0" encoding="UTF-8"?>
<!-- Generated by org.testng.reporters.JUnitReportReporter -->
<testsuite hostname="DEV_DEL_DEEPAK" name="Basics" tests="1" failures="0" timestamp="26 Sep 2018 08:51:46 GMT" time="2.739" errors="0">
  <testcase name="getData" time="2.739" classname="Basics"/>
</testsuite> <!-- Basics -->
