<?xml version="1.0" encoding="UTF-8"?>
<!-- Generated by org.testng.reporters.JUnitReportReporter -->
<testsuite hostname="DEV_DEL_DEEPAK" name="tests.Basics4" tests="1" failures="0" timestamp="30 Sep 2018 14:01:23 GMT" time="6.165" errors="0">
  <testcase name="getData" time="6.165" classname="tests.Basics4"/>
</testsuite> <!-- tests.Basics4 -->
