<?xml version="1.0" encoding="UTF-8"?>
<!-- Generated by org.testng.reporters.JUnitReportReporter -->
<testsuite hostname="DEV_DEL_DEEPAK" name="CustomMethodTest.ByIDorNameTest" tests="1" failures="0" timestamp="13 Nov 2019 07:00:49 GMT" time="11.206" errors="0">
  <testcase name="test2" time="11.206" classname="CustomMethodTest.ByIDorNameTest"/>
</testsuite> <!-- CustomMethodTest.ByIDorNameTest -->
