<?xml version="1.0" encoding="UTF-8"?>
<!-- Generated by org.testng.reporters.JUnitReportReporter -->
<testsuite hostname="DEV_DEL_DEEPAK" name="CustomMethodTest.ByAllText" tests="1" failures="0" timestamp="13 Nov 2019 07:14:26 GMT" time="8.879" errors="0">
  <testcase name="test2" time="8.879" classname="CustomMethodTest.ByAllText"/>
</testsuite> <!-- CustomMethodTest.ByAllText -->
